<?xml version="1.0" encoding="UTF-8"?>
<!-- Generated by org.testng.reporters.JUnitXMLReporter -->
<testsuite hostname="LP-BL8G8R1" ignored="0" name="ChromeTest" tests="3" failures="0" timestamp="25 Dec 2019 10:18:36 GMT" time="89.007" errors="0">
  <testcase name="SignOn" time="28.977" classname="com.mercury.tours.CrossBrowser_Example"/>
  <testcase name="SignOn" time="23.939" classname="com.mercury.tours.CrossBrowser_Example"/>
  <testcase name="SignOn" time="20.76" classname="com.mercury.tours.CrossBrowser_Example"/>
</testsuite> <!-- ChromeTest -->
