<?xml version="1.0" encoding="UTF-8"?>
<!-- Generated by org.testng.reporters.JUnitXMLReporter -->
<testsuite hostname="LP-BL8G8R1" ignored="0" name="ie" tests="1" failures="0" timestamp="25 Dec 2019 09:35:53 GMT" time="0.024" errors="0">
  <testcase name="@BeforeTest LaunchBrowser" time="0.0" classname="com.mercury.tours.CrossBrowser_Example">
    <failure type="java.lang.NullPointerException">
      <![CDATA[java.lang.NullPointerException
	at com.mercury.tours.CrossBrowser_Example.LaunchBrowser(CrossBrowser_Example.java:43)
... Removed 23 stack frames]]>
    </failure>
  </testcase> <!-- @BeforeTest LaunchBrowser -->
  <testcase name="@AfterTest CloseBrowser" time="0.0" classname="com.mercury.tours.CrossBrowser_Example">
    <skipped/>
  </testcase> <!-- @AfterTest CloseBrowser -->
  <testcase name="SignOn" time="0.004" classname="com.mercury.tours.CrossBrowser_Example">
    <skipped/>
  </testcase> <!-- SignOn -->
</testsuite> <!-- ie -->
