<?xml version="1.0" encoding="UTF-8"?>
<testng-results skipped="0" failed="0" ignored="0" total="2" passed="2">
  <reporter-output>
  </reporter-output>
  <suite name="Default suite" duration-ms="98598" started-at="2019-12-26T11:07:57Z" finished-at="2019-12-26T11:09:35Z">
    <groups>
    </groups>
    <test name="Default test" duration-ms="98598" started-at="2019-12-26T11:07:57Z" finished-at="2019-12-26T11:09:35Z">
      <class name="com.mercury.tours.Extent_Report_Example">
        <test-method status="PASS" signature="startReport()[pri:0, instance:com.mercury.tours.Extent_Report_Example@3ffc5af1]" name="startReport" is-config="true" duration-ms="391" started-at="2019-12-26T16:37:57Z" finished-at="2019-12-26T16:37:57Z">
          <reporter-output>
          </reporter-output>
        </test-method> <!-- startReport -->
        <test-method status="PASS" signature="LaunchBrowser()[pri:1, instance:com.mercury.tours.Extent_Report_Example@3ffc5af1]" name="LaunchBrowser" duration-ms="81315" started-at="2019-12-26T16:37:57Z" finished-at="2019-12-26T16:39:18Z">
          <reporter-output>
          </reporter-output>
        </test-method> <!-- LaunchBrowser -->
        <test-method status="PASS" signature="getResult(org.testng.ITestResult)[pri:0, instance:com.mercury.tours.Extent_Report_Example@3ffc5af1]" name="getResult" is-config="true" duration-ms="41" started-at="2019-12-26T16:39:18Z" finished-at="2019-12-26T16:39:18Z">
          <params>
            <param index="0">
              <value>
                <![CDATA[[TestResult name=LaunchBrowser status=SUCCESS method=Extent_Report_Example.LaunchBrowser()[pri:1, instance:com.mercury.tours.Extent_Report_Example@3ffc5af1] output={null}]]]>
              </value>
            </param>
          </params>
          <reporter-output>
          </reporter-output>
        </test-method> <!-- getResult -->
        <test-method status="PASS" signature="SignOn()[pri:2, instance:com.mercury.tours.Extent_Report_Example@3ffc5af1]" name="SignOn" duration-ms="14772" started-at="2019-12-26T16:39:18Z" finished-at="2019-12-26T16:39:33Z">
          <reporter-output>
          </reporter-output>
        </test-method> <!-- SignOn -->
        <test-method status="PASS" signature="getResult(org.testng.ITestResult)[pri:0, instance:com.mercury.tours.Extent_Report_Example@3ffc5af1]" name="getResult" is-config="true" duration-ms="1" started-at="2019-12-26T16:39:33Z" finished-at="2019-12-26T16:39:33Z">
          <params>
            <param index="0">
              <value>
                <![CDATA[[TestResult name=SignOn status=SUCCESS method=Extent_Report_Example.SignOn()[pri:2, instance:com.mercury.tours.Extent_Report_Example@3ffc5af1] output={null}]]]>
              </value>
            </param>
          </params>
          <reporter-output>
          </reporter-output>
        </test-method> <!-- getResult -->
        <test-method status="PASS" signature="CloseBrowser()[pri:0, instance:com.mercury.tours.Extent_Report_Example@3ffc5af1]" name="CloseBrowser" is-config="true" duration-ms="2043" started-at="2019-12-26T16:39:33Z" finished-at="2019-12-26T16:39:35Z">
          <reporter-output>
          </reporter-output>
        </test-method> <!-- CloseBrowser -->
      </class> <!-- com.mercury.tours.Extent_Report_Example -->
    </test> <!-- Default test -->
  </suite> <!-- Default suite -->
</testng-results>
